<?xml version="1.0" encoding="UTF-8"?>
<beans xmlns="http://www.springframework.org/schema/beans"
        xmlns:xsi="http://www.w3.org/2001/XMLSchema-instance"
        xmlns:tx="http://www.springframework.org/schema/tx"
        xmlns:context="http://www.springframework.org/schema/context"
        xsi:schemaLocation="http://www.springframework.org/schema/beans
                            http://www.springframework.org/schema/beans/spring-beans.xsd
                            http://www.springframework.org/schema/context
                            http://www.springframework.org/schema/context/spring-context-3.0.xsd
                            http://www.springframework.org/schema/tx
                            http://www.springframework.org/schema/tx/spring-tx-2.5.xsd">

  <context:annotation-config/>

  <!-- db -->
  <bean id="dataSource" class="org.springframework.jdbc.datasource.SimpleDriverDataSource">
    <property name="driverClass" value="org.mariadb.jdbc.Driver"/>
    <property name="url" value="jdbc:mariadb://localhost:3306/testdb"/>
    <property name="username" value="doodoom"/>
    <property name="password" value="dudgns2684"/>
  </bean>

  <bean id="transactionManager" class="org.springframework.jdbc.datasource.DataSourceTransactionManager">
    <property name="dataSource" ref="dataSource"/>
  </bean>

  <!-- sql service -->
  <bean id="sqlService" class="com.example.tobyspring.user.sqlService.OxmSqlService">
    <property name="unmarshaller" ref="unmarshaller" />
<!--    <property name="sqlmap" value="classpath:/com/example/tobyspring/user/dao/sqlmap.xml" />-->
    <property name="sqlmap" value="file:/Users/choiyounghoon/Desktop/study/toby-spring/src/main/java/com/example/tobyspring/user/dao/sqlmap.xml" />
  </bean>

  <bean id="unmarshaller" class="org.springframework.oxm.jaxb.Jaxb2Marshaller">
    <property name="contextPath" value="com.example.tobyspring.user.sqlService.jaxb" />
  </bean>

  <!--  aop -->
  <tx:annotation-driven/>

  <!-- application components -->
  <bean id="userDao" class="com.example.tobyspring.user.dao.UserDaoJdbc">
    <property name="dataSource" ref="dataSource"/>
    <property name="sqlService" ref="sqlService"/>
  </bean>

  <bean id="userService" class="com.example.tobyspring.user.service.UserServiceImpl">
    <property name="userDao" ref="userDao"/>
    <property name="mailSender" ref="mailSender"/>
  </bean>

  <bean id="testUserService"
    class="com.example.tobyspring.user.service.UserServiceTest$TestUserService"
    parent="userService">
  </bean>

  <bean id="mailSender" class="com.example.tobyspring.user.service.DummyMailSender"/>
</beans>