<?xml version="1.0" encoding="UTF-8"?>
<beans xmlns="http://www.springframework.org/schema/beans"
  xmlns:xsi="http://www.w3.org/2001/XMLSchema-instance"
  xsi:schemaLocation="http://www.springframework.org/schema/beans http://www.springframework.org/schema/beans/spring-beans.xsd">

  <bean id="dataSource" class="org.springframework.jdbc.datasource.SimpleDriverDataSource">
    <property name="driverClass" value="org.mariadb.jdbc.Driver"></property>
    <property name="url" value="jdbc:mariadb://localhost:3306/tobyspring"></property>
    <property name="username" value="doodoom"></property>
    <property name="password" value="dudgns2684"></property>
  </bean>

  <bean id="userDao" class="com.example.tobyspring.user.dao.UserDaoJdbc">
    <property name="dataSource" ref="dataSource"></property>
  </bean>

  <bean id="transactionManager" class="org.springframework.jdbc.datasource.DataSourceTransactionManager">
    <property name="dataSource" ref="dataSource"></property>
  </bean>

  <bean id="mailSender" class="com.example.tobyspring.user.service.DummyMailSender"></bean>

  <bean id="userServiceImpl" class = "com.example.tobyspring.user.service.UserServiceImpl">
    <property name = "userDao" ref = "userDao"></property>
    <property name = "mailSender" ref = "mailSender"></property>
  </bean>

  <bean id="transactionAdvice" class="com.example.tobyspring.user.service.TransactionAdvice">
    <property name="transactionManager" ref="transactionManager"></property>
  </bean>

  <bean id="transactionPointCut" class="org.springframework.aop.support.NameMatchMethodPointcut">
    <property name="mappedName" value="upgrade*"></property>
  </bean>

  <bean id="transactionAdvisor" class="org.springframework.aop.support.DefaultPointcutAdvisor">
    <property name="advice" ref="transactionAdvice"></property>
    <property name="pointcut" ref="transactionPointCut"></property>
  </bean>

  <bean id="userService" class="org.springframework.aop.framework.ProxyFactoryBean">
    <property name="target" ref="userServiceImpl"></property>
    <property name="interceptorNames">
      <list>
        <value>transactionAdvisor</value>
      </list>
    </property>
  </bean>

</beans>