<?xml version="1.0" encoding="UTF-8"?>
<beans xmlns="http://www.springframework.org/schema/beans"
  xmlns:xsi="http://www.w3.org/2001/XMLSchema-instance"
  xmlns:tx="http://www.springframework.org/schema/tx"
  xsi:schemaLocation="http://www.springframework.org/schema/beans
                            http://www.springframework.org/schema/beans/spring-beans.xsd


                            http://www.springframework.org/schema/tx
                            http://www.springframework.org/schema/tx/spring-tx-2.5.xsd">

  <!-- sql service -->
  <bean id="sqlService" class="com.example.tobyspring.user.sqlService.OxmSqlService">
    <property name="unmarshaller" ref="unmarshaller" />
    <property name="sqlmap" value="file:/Users/choiyounghoon/Desktop/study/toby-spring/src/main/java/com/example/tobyspring/user/dao/sqlmap.xml" />
    <property name="sqlRegistry" ref="sqlRegistry"></property>
  </bean>

  <bean id="sqlRegistry" class="com.example.tobyspring.user.sqlService.updatable.ConcurrentHashMapSqlRegistry"></bean>

  <bean id="unmarshaller" class="org.springframework.oxm.jaxb.Jaxb2Marshaller">
    <property name="contextPath" value="com.example.tobyspring.user.sqlService.jaxb" />
  </bean>

  <!--  aop -->
  <tx:annotation-driven/>

  <!-- application components -->
  <bean id="userDao" class="com.example.tobyspring.user.dao.UserDaoJdbc">
    <property name="dataSource" ref="dataSource"/>
    <property name="sqlService" ref="sqlService"/>
  </bean>

  <bean id="userService" class="com.example.tobyspring.user.service.UserServiceImpl">
    <property name="userDao" ref="userDao"/>
    <property name="mailSender" ref="mailSender"/>
  </bean>

  <bean id="testUserService"
    class="com.example.tobyspring.user.service.UserServiceTest$TestUserService"
    parent="userService">
  </bean>

  <bean id="mailSender" class="com.example.tobyspring.user.service.DummyMailSender"/>
</beans>