<?xml version="1.0" encoding="UTF-8"?>
<beans xmlns="http://www.springframework.org/schema/beans"
  xmlns:xsi="http://www.w3.org/2001/XMLSchema-instance"
  xsi:schemaLocation="http://www.springframework.org/schema/beans http://www.springframework.org/schema/beans/spring-beans.xsd">

  <bean id="userDao" class="com.example.tobyspring.user.dao.UserDao">
    <property name="dataSource" ref="dataSource"></property>
<!--    <property name="jdbcContext" ref="jdbcContext"></property>-->
  </bean>

<!--  <bean id="jdbcContext" class="com.example.tobyspring.user.dao.JdbcContext">-->
<!--    <property name="dataSource" ref="dataSource"></property>-->
<!--  </bean>-->

  <bean id="dataSource" class="org.springframework.jdbc.datasource.SimpleDriverDataSource">
    <property name="driverClass" value="org.mariadb.jdbc.Driver"></property>
    <property name="url" value="jdbc:mariadb://localhost:3306/testdb"></property>
    <property name="username" value="doodoom"></property>
    <property name="password" value="dudgns2684"></property>
  </bean>
</beans>